2.202527643073922802e-03
2.682938225656520976e-03
2.297956869866316868e-03
1.150409259793915787e-03
1.150409259793915787e-03
2.309468213270492263e-03
1.150409259793915787e-03
1.150409259793915787e-03
1.150409259793915787e-03
2.202527643073922802e-03
1.150409259793915787e-03
2.558704022299560388e-03
1.150409259793915787e-03
4.399576485831547396e-03
2.558704022299560388e-03
2.191549335638935583e-03
2.014999092767495899e-03
5.136646420706636983e-03
2.014999092767495899e-03
2.014999092767495899e-03
2.297956869866316868e-03
2.682938225656520976e-03
1.150409259793915787e-03
2.682938225656520976e-03
2.191549335638935583e-03
2.309468213270492263e-03
4.481697482613938160e-03
4.481697482613938160e-03
2.682938225656520976e-03
5.136646420706636983e-03
4.481697482613938160e-03
2.558704022299560388e-03
2.297956869866316868e-03
2.202527643073922802e-03
2.297956869866316868e-03
5.136646420706636983e-03
2.309468213270492263e-03
2.297956869866316868e-03
2.297956869866316868e-03
2.202527643073922802e-03
2.202527643073922802e-03
2.191549335638935583e-03
1.150409259793915787e-03
1.150409259793915787e-03
1.150409259793915787e-03
2.309468213270492263e-03
2.191549335638935583e-03
2.297956869866316868e-03
1.150409259793915787e-03
5.136646420706636983e-03
1.150409259793915787e-03
2.191549335638935583e-03
2.297956869866316868e-03
4.481697482613938160e-03
4.399576485831547396e-03
1.150409259793915787e-03
2.014999092767495899e-03
1.150409259793915787e-03
1.150409259793915787e-03
2.309468213270492263e-03
2.309468213270492263e-03
4.481697482613938160e-03
1.150409259793915787e-03
1.150409259793915787e-03
2.191549335638935583e-03
4.699299874913711456e-03
4.481697482613938160e-03
1.150409259793915787e-03
2.682938225656520976e-03
2.202527643073922802e-03
2.558704022299560388e-03
2.558704022299560388e-03
2.191549335638935583e-03
1.150409259793915787e-03
1.150409259793915787e-03
3.857836821814459270e-03
2.202527643073922802e-03
1.150409259793915787e-03
1.150409259793915787e-03
4.699299874913711456e-03
2.682938225656520976e-03
1.150409259793915787e-03
2.191549335638935583e-03
2.191549335638935583e-03
2.297956869866316868e-03
2.191549335638935583e-03
2.297956869866316868e-03
2.558704022299560388e-03
2.202527643073922802e-03
2.202527643073922802e-03
4.699299874913711456e-03
1.150409259793915787e-03
1.150409259793915787e-03
2.191549335638935583e-03
2.352575960646129897e-03
1.150409259793915787e-03
2.202527643073922802e-03
1.150409259793915787e-03
2.297956869866316868e-03
1.150409259793915787e-03
1.150409259793915787e-03
1.150409259793915787e-03
1.150409259793915787e-03
2.297956869866316868e-03
2.202527643073922802e-03
2.352575960646129897e-03
1.150409259793915787e-03
2.202527643073922802e-03
1.150409259793915787e-03
1.150409259793915787e-03
1.150409259793915787e-03
2.352575960646129897e-03
4.699299874913711456e-03
5.136646420706636983e-03
1.150409259793915787e-03
1.150409259793915787e-03
1.150409259793915787e-03
2.191549335638935583e-03
4.699299874913711456e-03
4.699299874913711456e-03
1.150409259793915787e-03
2.682938225656520976e-03
1.150409259793915787e-03
4.481697482613938160e-03
1.150409259793915787e-03
1.150409259793915787e-03
2.014999092767495899e-03
2.014999092767495899e-03
2.191549335638935583e-03
5.136646420706636983e-03
2.682938225656520976e-03
1.150409259793915787e-03
2.202527643073922802e-03
1.150409259793915787e-03
1.150409259793915787e-03
2.202527643073922802e-03
2.191549335638935583e-03
2.191549335638935583e-03
2.682938225656520976e-03
4.699299874913711456e-03
4.481697482613938160e-03
2.682938225656520976e-03
2.191549335638935583e-03
2.202527643073922802e-03
4.699299874913711456e-03
2.202527643073922802e-03
4.481697482613938160e-03
2.014999092767495899e-03
4.481697482613938160e-03
2.558704022299560388e-03
2.352575960646129897e-03
2.297956869866316868e-03
1.150409259793915787e-03
4.399576485831547396e-03
2.558704022299560388e-03
5.136646420706636983e-03
2.297956869866316868e-03
4.699299874913711456e-03
2.309468213270492263e-03
2.558704022299560388e-03
1.150409259793915787e-03
2.297956869866316868e-03
4.481697482613938160e-03
2.202527643073922802e-03
2.682938225656520976e-03
2.191549335638935583e-03
2.297956869866316868e-03
2.297956869866316868e-03
1.150409259793915787e-03
1.150409259793915787e-03
2.202527643073922802e-03
4.399576485831547396e-03
1.150409259793915787e-03
1.150409259793915787e-03
2.309468213270492263e-03
2.297956869866316868e-03
4.504148016578484598e-03
2.682938225656520976e-03
2.297956869866316868e-03
1.150409259793915787e-03
1.150409259793915787e-03
2.682938225656520976e-03
2.191549335638935583e-03
4.699299874913711456e-03
5.136646420706636983e-03
4.699299874913711456e-03
2.309468213270492263e-03
4.699299874913711456e-03
2.558704022299560388e-03
1.150409259793915787e-03
2.558704022299560388e-03
2.682938225656520976e-03
4.399576485831547396e-03
2.682938225656520976e-03
4.699299874913711456e-03
3.857836821814459270e-03
3.857836821814459270e-03
1.150409259793915787e-03
1.150409259793915787e-03
2.014999092767495899e-03
2.682938225656520976e-03
1.150409259793915787e-03
2.297956869866316868e-03
4.399576485831547396e-03
2.191549335638935583e-03
4.699299874913711456e-03
4.481697482613938160e-03
2.191549335638935583e-03
1.150409259793915787e-03
2.297956869866316868e-03
1.150409259793915787e-03
4.699299874913711456e-03
1.150409259793915787e-03
1.150409259793915787e-03
1.150409259793915787e-03
1.150409259793915787e-03
5.136646420706636983e-03
2.202527643073922802e-03
2.682938225656520976e-03
4.481697482613938160e-03
2.202527643073922802e-03
1.150409259793915787e-03
2.297956869866316868e-03
2.014999092767495899e-03
1.150409259793915787e-03
3.857836821814459270e-03
1.150409259793915787e-03
5.136646420706636983e-03
1.150409259793915787e-03
1.150409259793915787e-03
4.481697482613938160e-03
2.309468213270492263e-03
2.202527643073922802e-03
4.699299874913711456e-03
1.150409259793915787e-03
2.682938225656520976e-03
1.150409259793915787e-03
2.202527643073922802e-03
1.150409259793915787e-03
1.150409259793915787e-03
2.558704022299560388e-03
2.297956869866316868e-03
1.150409259793915787e-03
2.682938225656520976e-03
1.150409259793915787e-03
4.481697482613938160e-03
4.481697482613938160e-03
2.682938225656520976e-03
2.558704022299560388e-03
3.857836821814459270e-03
2.202527643073922802e-03
2.558704022299560388e-03
2.682938225656520976e-03
1.150409259793915787e-03
1.150409259793915787e-03
4.699299874913711456e-03
4.481697482613938160e-03
5.136646420706636983e-03
4.699299874913711456e-03
1.150409259793915787e-03
2.297956869866316868e-03
2.558704022299560388e-03
1.150409259793915787e-03
2.202527643073922802e-03
2.297956869866316868e-03
5.136646420706636983e-03
5.136646420706636983e-03
4.481697482613938160e-03
1.150409259793915787e-03
4.481697482613938160e-03
4.699299874913711456e-03
2.558704022299560388e-03
2.202527643073922802e-03
4.399576485831547396e-03
1.150409259793915787e-03
2.202527643073922802e-03
2.202527643073922802e-03
1.150409259793915787e-03
4.399576485831547396e-03
2.014999092767495899e-03
2.558704022299560388e-03
1.150409259793915787e-03
2.558704022299560388e-03
2.297956869866316868e-03
1.150409259793915787e-03
1.150409259793915787e-03
4.699299874913711456e-03
2.682938225656520976e-03
4.481697482613938160e-03
2.202527643073922802e-03
1.150409259793915787e-03
2.014999092767495899e-03
1.150409259793915787e-03
1.150409259793915787e-03
4.399576485831547396e-03
2.202527643073922802e-03
1.150409259793915787e-03
1.150409259793915787e-03
1.150409259793915787e-03
3.857836821814459270e-03
1.150409259793915787e-03
1.150409259793915787e-03
2.297956869866316868e-03
2.191549335638935583e-03
3.857836821814459270e-03
2.558704022299560388e-03
4.699299874913711456e-03
2.558704022299560388e-03
4.699299874913711456e-03
1.150409259793915787e-03
2.202527643073922802e-03
5.136646420706636983e-03
1.150409259793915787e-03
1.150409259793915787e-03
1.150409259793915787e-03
2.202527643073922802e-03
1.150409259793915787e-03
1.150409259793915787e-03
2.682938225656520976e-03
1.150409259793915787e-03
1.150409259793915787e-03
2.558704022299560388e-03
4.399576485831547396e-03
4.399576485831547396e-03
1.150409259793915787e-03
4.481697482613938160e-03
4.699299874913711456e-03
4.699299874913711456e-03
1.150409259793915787e-03
5.136646420706636983e-03
2.352575960646129897e-03
4.699299874913711456e-03
1.150409259793915787e-03
2.202527643073922802e-03
4.399576485831547396e-03
3.857836821814459270e-03
4.481697482613938160e-03
1.150409259793915787e-03
1.150409259793915787e-03
4.699299874913711456e-03
2.191549335638935583e-03
1.150409259793915787e-03
1.150409259793915787e-03
1.150409259793915787e-03
2.682938225656520976e-03
1.150409259793915787e-03
2.297956869866316868e-03
1.150409259793915787e-03
2.682938225656520976e-03
2.202527643073922802e-03
2.682938225656520976e-03
1.150409259793915787e-03
1.150409259793915787e-03
4.699299874913711456e-03
2.558704022299560388e-03
1.150409259793915787e-03
2.682938225656520976e-03
1.150409259793915787e-03
4.045148554653543727e-03
2.202527643073922802e-03
2.202527643073922802e-03
2.682938225656520976e-03
4.699299874913711456e-03
2.297956869866316868e-03
2.191549335638935583e-03
4.699299874913711456e-03
1.150409259793915787e-03
1.150409259793915787e-03
2.202527643073922802e-03
2.297956869866316868e-03
4.481697482613938160e-03
2.191549335638935583e-03
2.309468213270492263e-03
4.481697482613938160e-03
2.191549335638935583e-03
2.682938225656520976e-03
2.558704022299560388e-03
2.558704022299560388e-03
1.150409259793915787e-03
1.150409259793915787e-03
2.191549335638935583e-03
1.150409259793915787e-03
2.202527643073922802e-03
2.191549335638935583e-03
2.558704022299560388e-03
4.699299874913711456e-03
1.150409259793915787e-03
1.150409259793915787e-03
2.191549335638935583e-03
1.150409259793915787e-03
2.191549335638935583e-03
5.136646420706636983e-03
1.150409259793915787e-03
4.399576485831547396e-03
4.699299874913711456e-03
1.150409259793915787e-03
2.682938225656520976e-03
1.150409259793915787e-03
2.682938225656520976e-03
2.558704022299560388e-03
